

Started GET "/" for 127.0.0.1 at Fri Jan 06 12:26:15 +0530 2012

Mysql2::Error (Unknown database 'library_development'):
  

Rendered /usr/lib/ruby/gems/1.8/gems/actionpack-3.0.7/lib/action_dispatch/middleware/templates/rescues/_trace.erb (1.3ms)
Rendered /usr/lib/ruby/gems/1.8/gems/actionpack-3.0.7/lib/action_dispatch/middleware/templates/rescues/_request_and_response.erb (7.4ms)
Rendered /usr/lib/ruby/gems/1.8/gems/actionpack-3.0.7/lib/action_dispatch/middleware/templates/rescues/diagnostics.erb within rescues/layout (12.1ms)
  [1m[36mSQL (21.1ms)[0m  [1mSHOW TABLES[0m
  [1m[35mSQL (169.4ms)[0m  CREATE TABLE `schema_migrations` (`version` varchar(255) NOT NULL) ENGINE=InnoDB
  [1m[36mSQL (21.9ms)[0m  [1mSHOW KEYS FROM `schema_migrations`[0m
  [1m[35mSQL (262.7ms)[0m  CREATE UNIQUE INDEX `unique_schema_migrations` ON `schema_migrations` (`version`)
  [1m[36mSQL (0.3ms)[0m  [1mSHOW TABLES[0m
  [1m[35mSQL (0.2ms)[0m  SHOW TABLES
  [1m[36mSQL (0.4ms)[0m  [1mSELECT `schema_migrations`.`version` FROM `schema_migrations`[0m
Migrating to CreateUsers (20110817095136)
  [1m[35mSQL (120.2ms)[0m  CREATE TABLE `users` (`id` int(11) DEFAULT NULL auto_increment PRIMARY KEY, `name` varchar(255), `email` varchar(255), `password` varchar(255), `age` int(11), `gender` tinyint(1) DEFAULT 1, `created_at` datetime, `updated_at` datetime) ENGINE=InnoDB
  [1m[36mSQL (57.3ms)[0m  [1mINSERT INTO `schema_migrations` (`version`) VALUES ('20110817095136')[0m
Migrating to CreateAuthors (20110822090535)
  [1m[35mSQL (133.6ms)[0m  CREATE TABLE `authors` (`id` int(11) DEFAULT NULL auto_increment PRIMARY KEY, `author_name` varchar(255), `created_at` datetime, `updated_at` datetime) ENGINE=InnoDB
  [1m[36mSQL (57.6ms)[0m  [1mINSERT INTO `schema_migrations` (`version`) VALUES ('20110822090535')[0m
Migrating to CreateBooks (20110822092447)
  [1m[35mSQL (126.1ms)[0m  CREATE TABLE `books` (`id` int(11) DEFAULT NULL auto_increment PRIMARY KEY, `author_id` int(11), `name` varchar(255), `subject` varchar(255), `pages` int(11), `created_at` datetime, `updated_at` datetime) ENGINE=InnoDB
  [1m[36mSQL (49.1ms)[0m  [1mINSERT INTO `schema_migrations` (`version`) VALUES ('20110822092447')[0m
Migrating to AddImageToUsers (20110824140527)
  [1m[35mSQL (225.5ms)[0m  ALTER TABLE `users` ADD `image` blob
  [1m[36mSQL (57.5ms)[0m  [1mINSERT INTO `schema_migrations` (`version`) VALUES ('20110824140527')[0m
  [1m[35mSQL (0.3ms)[0m  SHOW TABLES
  [1m[36mSQL (0.2ms)[0m  [1mSELECT `schema_migrations`.`version` FROM `schema_migrations`[0m
  [1m[35mSQL (0.2ms)[0m  SHOW TABLES
  [1m[36mSQL (0.4ms)[0m  [1mdescribe `authors`[0m
  [1m[35mSQL (0.2ms)[0m  SHOW KEYS FROM `authors`
  [1m[36mSQL (0.5ms)[0m  [1mdescribe `books`[0m
  [1m[35mSQL (0.2ms)[0m  SHOW KEYS FROM `books`
  [1m[36mSQL (0.5ms)[0m  [1mdescribe `users`[0m
  [1m[35mSQL (0.2ms)[0m  SHOW KEYS FROM `users`


Started GET "/" for 127.0.0.1 at Fri Jan 06 13:16:09 +0530 2012
  Processing by WelcomeController#index as HTML
Rendered welcome/index.html.erb within layouts/application (6.1ms)
Completed 200 OK in 10ms (Views: 9.3ms | ActiveRecord: 0.0ms)


Started GET "/users/new" for 127.0.0.1 at Fri Jan 06 13:16:13 +0530 2012
  Processing by UsersController#new as HTML
Rendered users/_form.html.erb (48.4ms)
Rendered users/new.html.erb within layouts/application (51.0ms)
Completed 200 OK in 61ms (Views: 53.8ms | ActiveRecord: 0.0ms)


Started POST "/users" for 127.0.0.1 at Fri Jan 06 13:16:50 +0530 2012
  Processing by UsersController#create as HTML
  Parameters: {"commit"=>"Create User", "authenticity_token"=>"QBy/A0cnAD/cyqj9Exnf5++kpdKvleXi+F24sICKdd8=", "utf8"=>"✓", "user1"=>"condition", "user"=>{"name"=>"urjit", "gender"=>"true", "password"=>"[FILTERED]", "age"=>"25", "image"=>"urjit", "email"=>"urjit.rajgor@gmail.com"}}
  [1m[36mSQL (0.1ms)[0m  [1mBEGIN[0m
  [1m[35mSQL (35.7ms)[0m  SELECT 1 FROM `users` WHERE (`users`.`name` = BINARY 'urjit') LIMIT 1
  [1m[36mSQL (0.3ms)[0m  [1mSHOW TABLES[0m
  [1m[35mSQL (0.5ms)[0m  describe `users`
  [1m[36mAREL (25.2ms)[0m  [1mINSERT INTO `users` (`password`, `updated_at`, `created_at`, `name`, `image`, `email`, `gender`, `age`) VALUES ('urjitvarsha', '2012-01-06 07:46:50', '2012-01-06 07:46:50', 'urjit', x'75726a6974', 'urjit.rajgor@gmail.com', 1, 25)[0m
  [1m[35mSQL (47.4ms)[0m  COMMIT
Redirected to http://localhost:3000/users/1
Completed 302 Found in 281ms


Started GET "/users/1" for 127.0.0.1 at Fri Jan 06 13:16:51 +0530 2012
  Processing by UsersController#show as HTML
  Parameters: {"id"=>"1"}
  [1m[36mUser Load (0.3ms)[0m  [1mSELECT `users`.* FROM `users` WHERE `users`.`id` = 1 LIMIT 1[0m
Rendered users/show.html.erb within layouts/application (7.9ms)
Completed 200 OK in 44ms (Views: 37.2ms | ActiveRecord: 109.5ms)


Started GET "/users" for 127.0.0.1 at Fri Jan 06 13:18:54 +0530 2012
  Processing by UsersController#index as HTML
  [1m[35mUser Load (0.4ms)[0m  SELECT `users`.* FROM `users`
Rendered users/index.html.erb within layouts/application (15.4ms)
Completed 200 OK in 61ms (Views: 56.6ms | ActiveRecord: 0.4ms)


Started GET "/users/new" for 127.0.0.1 at Fri Jan 06 13:19:03 +0530 2012
  Processing by UsersController#new as HTML
Rendered users/_form.html.erb (49.6ms)
Rendered users/new.html.erb within layouts/application (51.6ms)
Completed 200 OK in 61ms (Views: 53.9ms | ActiveRecord: 0.0ms)


Started GET "/users" for 127.0.0.1 at Fri Jan 06 13:26:16 +0530 2012
  Processing by UsersController#index as HTML
  [1m[36mUser Load (0.1ms)[0m  [1mSELECT `users`.* FROM `users`[0m
Rendered users/index.html.erb within layouts/application (7.8ms)
Completed 200 OK in 14ms (Views: 10.0ms | ActiveRecord: 0.1ms)


Started GET "/" for 127.0.0.1 at Fri Jan 06 13:41:25 +0530 2012
  Processing by WelcomeController#index as HTML
Rendered welcome/index.html.erb within layouts/application (1.6ms)
Completed 200 OK in 4ms (Views: 3.8ms | ActiveRecord: 0.0ms)


Started GET "/login" for 127.0.0.1 at Fri Jan 06 13:41:31 +0530 2012
  Processing by UsersController#login as HTML
Rendered users/login.html.erb within layouts/application (4.9ms)
Completed 200 OK in 20ms (Views: 19.2ms | ActiveRecord: 0.0ms)


Started POST "/sign_in" for 127.0.0.1 at Fri Jan 06 13:41:51 +0530 2012
  Processing by UsersController#sign_in as HTML
  Parameters: {"commit"=>"Save Login", "authenticity_token"=>"QBy/A0cnAD/cyqj9Exnf5++kpdKvleXi+F24sICKdd8=", "utf8"=>"✓", "login"=>{"name"=>"urjit", "password"=>"[FILTERED]"}}
  [1m[35mUser Load (22.7ms)[0m  SELECT `users`.* FROM `users` WHERE `users`.`name` = 'urjit' AND `users`.`password` = 'urjitvarsha123' LIMIT 1
Rendered users/login.html.erb within layouts/application (5.2ms)
Completed 200 OK in 58ms (Views: 9.3ms | ActiveRecord: 22.7ms)


Started POST "/sign_in" for 127.0.0.1 at Fri Jan 06 13:42:25 +0530 2012
  Processing by UsersController#sign_in as HTML
  Parameters: {"commit"=>"Save Login", "authenticity_token"=>"QBy/A0cnAD/cyqj9Exnf5++kpdKvleXi+F24sICKdd8=", "utf8"=>"✓", "login"=>{"name"=>"urjit", "password"=>"[FILTERED]"}}
  [1m[36mUser Load (0.4ms)[0m  [1mSELECT `users`.* FROM `users` WHERE `users`.`name` = 'urjit' AND `users`.`password` = 'urjitvarsha' LIMIT 1[0m
Redirected to http://localhost:3000/deshboard/1
Completed 302 Found in 11ms


Started GET "/deshboard/1" for 127.0.0.1 at Fri Jan 06 13:42:25 +0530 2012
  Processing by WelcomeController#deshboard as HTML
  Parameters: {"id"=>"1"}
  [1m[35mUser Load (0.1ms)[0m  SELECT `users`.* FROM `users` WHERE `users`.`id` = 1 LIMIT 1
Rendered welcome/deshboard.html.erb within layouts/application (2.7ms)
Completed 200 OK in 12ms (Views: 5.5ms | ActiveRecord: 0.5ms)
